<?xml version="1.0" encoding="UTF-8"?>
<!-- Generated by org.testng.reporters.JUnitReportReporter -->
<testsuite hostname="DESKTOP-VQS1UIG" failures="0" tests="1" name="soap.testSeperatly" time="0.512" errors="0" timestamp="2022-07-13T12:24:16 CEST" skipped="0">
  <testcase classname="soap.testSeperatly" name="singleTest" time="0.512"/>
  <system-out/>
</testsuite> <!-- soap.testSeperatly -->
